experiment 16 : xgboost + dataset 2 + default hyperparameter

Traceback (most recent call last):
  File "node_1.py", line 11, in <module>
    experiments.exp_default(
  File "/home/m448735/hyperparameter-tuning-benchmark/Experiments/experiments.py", line 19, in exp_default
    hasil=opt.no_optimizer(X,y,kwargs["model"])
  File "/home/m448735/hyperparameter-tuning-benchmark/Experiments/services/optimizer.py", line 17, in no_optimizer
    cv_results = cross_validate(model,X,y,cv=skf,scoring=eval_method)
  File "/home/m448735/anaconda3/lib/python3.8/site-packages/sklearn/utils/validation.py", line 72, in inner_f
    return f(**kwargs)
  File "/home/m448735/anaconda3/lib/python3.8/site-packages/sklearn/model_selection/_validation.py", line 242, in cross_validate
    scores = parallel(
  File "/home/m448735/anaconda3/lib/python3.8/site-packages/joblib/parallel.py", line 1048, in __call__
    if self.dispatch_one_batch(iterator):
  File "/home/m448735/anaconda3/lib/python3.8/site-packages/joblib/parallel.py", line 866, in dispatch_one_batch
    self._dispatch(tasks)
  File "/home/m448735/anaconda3/lib/python3.8/site-packages/joblib/parallel.py", line 784, in _dispatch
    job = self._backend.apply_async(batch, callback=cb)
  File "/home/m448735/anaconda3/lib/python3.8/site-packages/joblib/_parallel_backends.py", line 208, in apply_async
    result = ImmediateResult(func)
  File "/home/m448735/anaconda3/lib/python3.8/site-packages/joblib/_parallel_backends.py", line 572, in __init__
    self.results = batch()
  File "/home/m448735/anaconda3/lib/python3.8/site-packages/joblib/parallel.py", line 262, in __call__
    return [func(*args, **kwargs)
  File "/home/m448735/anaconda3/lib/python3.8/site-packages/joblib/parallel.py", line 262, in <listcomp>
    return [func(*args, **kwargs)
  File "/home/m448735/anaconda3/lib/python3.8/site-packages/sklearn/model_selection/_validation.py", line 560, in _fit_and_score
    test_scores = _score(estimator, X_test, y_test, scorer)
  File "/home/m448735/anaconda3/lib/python3.8/site-packages/sklearn/model_selection/_validation.py", line 607, in _score
    scores = scorer(estimator, X_test, y_test)
  File "/home/m448735/anaconda3/lib/python3.8/site-packages/sklearn/metrics/_scorer.py", line 87, in __call__
    score = scorer._score(cached_call, estimator,
  File "/home/m448735/anaconda3/lib/python3.8/site-packages/sklearn/metrics/_scorer.py", line 301, in _score
    raise ValueError("{0} format is not supported".format(y_type))
ValueError: multiclass format is not supported
srun: error: komputasi06: task 0: Exited with exit code 1
