srun: Job step aborted: Waiting up to 32 seconds for job step to finish.
slurmstepd: error: *** STEP 6544.0 ON komputasi04 CANCELLED AT 2021-04-24T21:55:22 ***
slurmstepd: error: *** JOB 6544 ON komputasi04 CANCELLED AT 2021-04-24T21:55:22 ***
